<?xml version="1.0" encoding="UTF-8"?>
<!-- Generated by org.testng.reporters.JUnitXMLReporter -->
<testsuite hostname="FFPTW5CG04920SN" ignored="0" name="Error Validation Test" tests="2" failures="0" timestamp="08 Oct 2022 19:36:05 GMT" time="67.313" errors="0">
  <testcase name="FillFormErrorValidation" time="9.287" classname="org.rahulshettyacademy.eCommerce_tc_1"/>
  <testcase name="FillFormPositiveFlow" time="19.019" classname="org.rahulshettyacademy.eCommerce_tc_1"/>
</testsuite> <!-- Error Validation Test -->
